<?xml version="1.0" encoding="UTF-8"?>
<!-- Generated by org.testng.reporters.JUnitXMLReporter -->
<testsuite ignored="3" hostname="WINCTRL-QTORBTM" failures="0" tests="1" name="QARegressionTests" time="60.833" errors="0" timestamp="2020-05-04T03:28:04 IST">
  <testcase classname="QAPackage.HomePageTest" name="homePageNavTest" time="46.904"/>
  <testcase classname="QAPackage.HomePageTest" name="homPageCitySelectionsTest" time="0.0">
    <ignored/>
  </testcase> <!-- homPageCitySelectionsTest -->
  <testcase classname="QAPackage.HomePageTest" name="switchCountryLinkPresentTest" time="0.0">
    <ignored/>
  </testcase> <!-- switchCountryLinkPresentTest -->
  <testcase classname="QAPackage.HomePageTest" name="switchCountryLinkClickableTest" time="0.0">
    <ignored/>
  </testcase> <!-- switchCountryLinkClickableTest -->
</testsuite> <!-- QARegressionTests -->
