<?xml version="1.0" encoding="UTF-8"?>
<!-- Generated by org.testng.reporters.JUnitXMLReporter -->
<testsuite ignored="3" hostname="WINCTRL-QTORBTM" failures="0" tests="1" name="QARegressionTests" time="42.082" errors="0" timestamp="2020-05-06T18:40:11 IST">
  <testcase classname="QAPackage.HomePageTest" name="homePageNavTest" time="8.097"/>
  <testcase classname="QAPackage.HomePageTest" name="homPageCitySelectionsTest" time="0.0">
    <ignored/>
  </testcase> <!-- homPageCitySelectionsTest -->
  <testcase classname="QAPackage.HomePageTest" name="switchCountryLinkPresentTest" time="0.0">
    <ignored/>
  </testcase> <!-- switchCountryLinkPresentTest -->
  <testcase classname="QAPackage.HomePageTest" name="switchCountryLinkClickableTest" time="0.0">
    <ignored/>
  </testcase> <!-- switchCountryLinkClickableTest -->
</testsuite> <!-- QARegressionTests -->
