<?xml version="1.0" encoding="UTF-8"?>
<testng-results ignored="3" total="4" passed="1" failed="0" skipped="0">
  <reporter-output>
  </reporter-output>
  <suite started-at="2020-05-06T18:39:29 IST" name="FreshToHomeQA" finished-at="2020-05-06T18:40:11 IST" duration-ms="42082">
    <groups>
      <group name="baseRun">
        <method signature="HomePageTest.homePageNavTest()[pri:0, instance:QAPackage.HomePageTest@5d740a0f]" name="homePageNavTest" class="QAPackage.HomePageTest"/>
      </group> <!-- baseRun -->
    </groups>
    <test started-at="2020-05-06T18:39:29 IST" name="QARegressionTests" finished-at="2020-05-06T18:40:11 IST" duration-ms="42082">
      <class name="QAPackage.HomePageTest">
        <test-method is-config="true" signature="inputIntializeTest()[pri:0, instance:QAPackage.HomePageTest@5d740a0f]" started-at="2020-05-06T18:39:29 IST" name="inputIntializeTest" finished-at="2020-05-06T18:39:31 IST" duration-ms="2144" status="PASS">
          <reporter-output>
          </reporter-output>
        </test-method> <!-- inputIntializeTest -->
        <test-method is-config="true" signature="browserOpenTest()[pri:0, instance:QAPackage.HomePageTest@5d740a0f]" started-at="2020-05-06T18:39:31 IST" name="browserOpenTest" finished-at="2020-05-06T18:40:02 IST" duration-ms="30816" status="PASS">
          <reporter-output>
          </reporter-output>
        </test-method> <!-- browserOpenTest -->
        <test-method signature="homePageNavTest()[pri:0, instance:QAPackage.HomePageTest@5d740a0f]" started-at="2020-05-06T18:40:02 IST" name="homePageNavTest" finished-at="2020-05-06T18:40:10 IST" duration-ms="8097" status="PASS">
          <reporter-output>
          </reporter-output>
        </test-method> <!-- homePageNavTest -->
        <test-method is-config="true" signature="quitDriver()[pri:0, instance:QAPackage.HomePageTest@5d740a0f]" started-at="2020-05-06T18:40:10 IST" name="quitDriver" finished-at="2020-05-06T18:40:11 IST" duration-ms="901" status="PASS">
          <reporter-output>
          </reporter-output>
        </test-method> <!-- quitDriver -->
        <test-method is-config="true" signature="endLine()[pri:0, instance:QAPackage.HomePageTest@5d740a0f]" started-at="2020-05-06T18:40:11 IST" name="endLine" finished-at="2020-05-06T18:40:11 IST" duration-ms="1" status="PASS">
          <reporter-output>
          </reporter-output>
        </test-method> <!-- endLine -->
      </class> <!-- QAPackage.HomePageTest -->
    </test> <!-- QARegressionTests -->
  </suite> <!-- FreshToHomeQA -->
</testng-results>
