<?xml version="1.0" encoding="UTF-8"?>
<testng-results ignored="3" total="4" passed="1" failed="0" skipped="0">
  <reporter-output>
  </reporter-output>
  <suite started-at="2020-05-13T23:15:58 IST" name="FreshToHomeQA" finished-at="2020-05-13T23:16:38 IST" duration-ms="40548">
    <groups>
      <group name="baseRun">
        <method signature="HomePageTest.homePageNavTest()[pri:0, instance:QAPackage.HomePageTest@5d740a0f]" name="homePageNavTest" class="QAPackage.HomePageTest"/>
      </group> <!-- baseRun -->
    </groups>
    <test started-at="2020-05-13T23:15:58 IST" name="QARegressionTests" finished-at="2020-05-13T23:16:38 IST" duration-ms="40548">
      <class name="QAPackage.HomePageTest">
        <test-method is-config="true" signature="inputIntializeTest()[pri:0, instance:QAPackage.HomePageTest@5d740a0f]" started-at="2020-05-13T23:15:58 IST" name="inputIntializeTest" finished-at="2020-05-13T23:16:00 IST" duration-ms="2216" status="PASS">
          <reporter-output>
          </reporter-output>
        </test-method> <!-- inputIntializeTest -->
        <test-method is-config="true" signature="browserOpenTest()[pri:0, instance:QAPackage.HomePageTest@5d740a0f]" started-at="2020-05-13T23:16:00 IST" name="browserOpenTest" finished-at="2020-05-13T23:16:31 IST" duration-ms="31192" status="PASS">
          <reporter-output>
          </reporter-output>
        </test-method> <!-- browserOpenTest -->
        <test-method signature="homePageNavTest()[pri:0, instance:QAPackage.HomePageTest@5d740a0f]" started-at="2020-05-13T23:16:31 IST" name="homePageNavTest" finished-at="2020-05-13T23:16:37 IST" duration-ms="5683" status="PASS">
          <reporter-output>
          </reporter-output>
        </test-method> <!-- homePageNavTest -->
        <test-method is-config="true" signature="quitDriver()[pri:0, instance:QAPackage.HomePageTest@5d740a0f]" started-at="2020-05-13T23:16:37 IST" name="quitDriver" finished-at="2020-05-13T23:16:38 IST" duration-ms="1323" status="PASS">
          <reporter-output>
          </reporter-output>
        </test-method> <!-- quitDriver -->
        <test-method is-config="true" signature="endLine()[pri:0, instance:QAPackage.HomePageTest@5d740a0f]" started-at="2020-05-13T23:16:38 IST" name="endLine" finished-at="2020-05-13T23:16:38 IST" duration-ms="0" status="PASS">
          <reporter-output>
          </reporter-output>
        </test-method> <!-- endLine -->
      </class> <!-- QAPackage.HomePageTest -->
    </test> <!-- QARegressionTests -->
  </suite> <!-- FreshToHomeQA -->
</testng-results>
