<?xml version="1.0" encoding="UTF-8"?>
<testng-results ignored="3" total="4" passed="1" failed="0" skipped="0">
  <reporter-output>
  </reporter-output>
  <suite started-at="2020-05-04T03:27:02 IST" name="FreshToHomeQA" finished-at="2020-05-04T03:28:03 IST" duration-ms="60833">
    <groups>
      <group name="baseRun">
        <method signature="HomePageTest.homePageNavTest()[pri:0, instance:QAPackage.HomePageTest@d4342c2]" name="homePageNavTest" class="QAPackage.HomePageTest"/>
      </group> <!-- baseRun -->
    </groups>
    <test started-at="2020-05-04T03:27:02 IST" name="QARegressionTests" finished-at="2020-05-04T03:28:03 IST" duration-ms="60833">
      <class name="QAPackage.HomePageTest">
        <test-method is-config="true" signature="inputIntializeTest()[pri:0, instance:QAPackage.HomePageTest@d4342c2]" started-at="2020-05-04T03:27:02 IST" name="inputIntializeTest" finished-at="2020-05-04T03:27:13 IST" duration-ms="10233" status="PASS">
          <reporter-output>
          </reporter-output>
        </test-method> <!-- inputIntializeTest -->
        <test-method is-config="true" signature="browserOpenTest()[pri:0, instance:QAPackage.HomePageTest@d4342c2]" started-at="2020-05-04T03:27:13 IST" name="browserOpenTest" finished-at="2020-05-04T03:27:13 IST" duration-ms="195" status="PASS">
          <reporter-output>
          </reporter-output>
        </test-method> <!-- browserOpenTest -->
        <test-method signature="homePageNavTest()[pri:0, instance:QAPackage.HomePageTest@d4342c2]" started-at="2020-05-04T03:27:13 IST" name="homePageNavTest" finished-at="2020-05-04T03:28:00 IST" duration-ms="46904" status="PASS">
          <reporter-output>
          </reporter-output>
        </test-method> <!-- homePageNavTest -->
        <test-method is-config="true" signature="quitDriver()[pri:0, instance:QAPackage.HomePageTest@d4342c2]" started-at="2020-05-04T03:28:00 IST" name="quitDriver" finished-at="2020-05-04T03:28:03 IST" duration-ms="3343" status="PASS">
          <reporter-output>
          </reporter-output>
        </test-method> <!-- quitDriver -->
        <test-method is-config="true" signature="endLine()[pri:0, instance:QAPackage.HomePageTest@d4342c2]" started-at="2020-05-04T03:28:03 IST" name="endLine" finished-at="2020-05-04T03:28:03 IST" duration-ms="1" status="PASS">
          <reporter-output>
          </reporter-output>
        </test-method> <!-- endLine -->
      </class> <!-- QAPackage.HomePageTest -->
    </test> <!-- QARegressionTests -->
  </suite> <!-- FreshToHomeQA -->
</testng-results>
